2025-01-27 21:56:52,458 INFO [Grading.java:35] testCase00 of GradeP1: success
2025-01-27 21:56:52,462 INFO [Grading.java:35] testCase01 of GradeP1: success
2025-01-27 21:56:52,462 INFO [Grading.java:35] testCase02 of GradeP1: success
2025-01-27 21:56:52,463 INFO [Grading.java:42] testCase03 of GradeP1: failed
2025-01-27 21:56:52,463 INFO [Grading.java:35] testCase04 of GradeP1: success
2025-01-27 21:56:52,464 INFO [Grading.java:42] testCase05 of GradeP1: failed
2025-01-27 21:56:52,465 INFO [Grading.java:35] testCase06 of GradeP1: success
2025-01-27 21:56:52,465 DEBUG [PlugSim.java:79] Plug b.200: power 200.0
2025-01-27 21:56:52,468 INFO [Grading.java:35] testCase07 of GradeP1: success
2025-01-27 21:56:52,468 DEBUG [PlugSim.java:79] Plug b.200: power 200.0
2025-01-27 21:56:52,470 DEBUG [PlugSim.java:79] Plug b.200: power 200.0
2025-01-27 21:56:52,470 INFO [Grading.java:42] testCase08 of GradeP1: failed
2025-01-27 21:56:52,471 DEBUG [PlugSim.java:79] Plug cccccccc.1000: power 1000.0
2025-01-27 21:56:52,471 DEBUG [PlugSim.java:79] Plug cccccccc.1000: power 1000.0
2025-01-27 21:56:52,471 INFO [Grading.java:42] testCase09 of GradeP1: failed
2025-01-30 19:42:33,831 INFO [Grading.java:35] testCase00 of GradeP1: success
2025-01-30 19:42:33,847 INFO [Grading.java:35] testCase01 of GradeP1: success
2025-01-30 19:42:33,848 INFO [Grading.java:35] testCase02 of GradeP1: success
2025-01-30 19:42:33,850 INFO [Grading.java:35] testCase03 of GradeP1: success
2025-01-30 19:42:33,851 INFO [Grading.java:35] testCase04 of GradeP1: success
2025-01-30 19:42:33,853 INFO [Grading.java:42] testCase05 of GradeP1: failed
2025-01-30 19:42:33,855 INFO [Grading.java:35] testCase06 of GradeP1: success
2025-01-30 19:42:33,855 DEBUG [PlugSim.java:80] Plug b.200: power 200.0
2025-01-30 19:42:33,859 INFO [Grading.java:35] testCase07 of GradeP1: success
2025-01-30 19:42:33,860 DEBUG [PlugSim.java:80] Plug b.200: power 200.0
2025-01-30 19:42:33,860 DEBUG [PlugSim.java:80] Plug b.200: power 0.0
2025-01-30 19:42:33,861 INFO [Grading.java:35] testCase08 of GradeP1: success
2025-01-30 19:42:33,862 DEBUG [PlugSim.java:80] Plug cccccccc.1000: power 1000.0
2025-01-30 19:42:33,862 DEBUG [PlugSim.java:80] Plug cccccccc.1000: power 0.0
2025-01-30 19:42:33,865 INFO [Grading.java:35] testCase09 of GradeP1: success
2025-01-31 18:04:14,867 INFO [Grading.java:35] testCase00 of GradeP1: success
2025-01-31 18:04:14,883 INFO [Grading.java:35] testCase01 of GradeP1: success
2025-01-31 18:04:14,884 INFO [Grading.java:35] testCase02 of GradeP1: success
2025-01-31 18:04:14,885 INFO [Grading.java:35] testCase03 of GradeP1: success
2025-01-31 18:04:14,886 INFO [Grading.java:35] testCase04 of GradeP1: success
2025-01-31 18:04:14,887 INFO [Grading.java:42] testCase05 of GradeP1: failed
2025-01-31 18:04:14,887 INFO [Grading.java:35] testCase06 of GradeP1: success
2025-01-31 18:04:14,888 DEBUG [PlugSim.java:80] Plug b.200: power 200.0
2025-01-31 18:04:14,891 INFO [Grading.java:35] testCase07 of GradeP1: success
2025-01-31 18:04:14,892 DEBUG [PlugSim.java:80] Plug b.200: power 200.0
2025-01-31 18:04:14,892 DEBUG [PlugSim.java:80] Plug b.200: power 0.0
2025-01-31 18:04:14,892 INFO [Grading.java:35] testCase08 of GradeP1: success
2025-01-31 18:04:14,893 DEBUG [PlugSim.java:80] Plug cccccccc.1000: power 1000.0
2025-01-31 18:04:14,893 DEBUG [PlugSim.java:80] Plug cccccccc.1000: power 0.0
2025-01-31 18:04:14,894 INFO [Grading.java:35] testCase09 of GradeP1: success
2025-01-31 18:18:47,828 INFO [Grading.java:35] testCase00 of GradeP1: success
2025-01-31 18:18:47,834 INFO [Grading.java:35] testCase01 of GradeP1: success
2025-01-31 18:18:47,835 INFO [Grading.java:35] testCase02 of GradeP1: success
2025-01-31 18:18:47,836 INFO [Grading.java:35] testCase03 of GradeP1: success
2025-01-31 18:18:47,838 INFO [Grading.java:35] testCase04 of GradeP1: success
2025-01-31 18:18:47,838 INFO [Grading.java:35] testCase05 of GradeP1: success
2025-01-31 18:18:47,839 INFO [Grading.java:35] testCase06 of GradeP1: success
2025-01-31 18:18:47,840 DEBUG [PlugSim.java:84] Plug b.200: power 200.0
2025-01-31 18:18:47,843 INFO [Grading.java:35] testCase07 of GradeP1: success
2025-01-31 18:18:47,843 DEBUG [PlugSim.java:84] Plug b.200: power 200.0
2025-01-31 18:18:47,843 DEBUG [PlugSim.java:84] Plug b.200: power 0.0
2025-01-31 18:18:47,844 INFO [Grading.java:35] testCase08 of GradeP1: success
2025-01-31 18:18:47,844 DEBUG [PlugSim.java:84] Plug cccccccc.1000: power 1000.0
2025-01-31 18:18:47,844 DEBUG [PlugSim.java:84] Plug cccccccc.1000: power 0.0
2025-01-31 18:18:47,845 INFO [Grading.java:35] testCase09 of GradeP1: success
2025-01-31 18:30:06,827 INFO [Grading.java:35] testCase00 of GradeP1: success
2025-01-31 18:30:06,834 INFO [Grading.java:35] testCase01 of GradeP1: success
2025-01-31 18:30:06,835 INFO [Grading.java:35] testCase02 of GradeP1: success
2025-01-31 18:30:06,837 INFO [Grading.java:35] testCase03 of GradeP1: success
2025-01-31 18:30:06,838 INFO [Grading.java:35] testCase04 of GradeP1: success
2025-01-31 18:30:06,840 INFO [Grading.java:35] testCase05 of GradeP1: success
2025-01-31 18:30:06,842 INFO [Grading.java:35] testCase06 of GradeP1: success
2025-01-31 18:30:06,843 DEBUG [PlugSim.java:84] Plug b.200: power 200.0
2025-01-31 18:30:06,847 INFO [Grading.java:35] testCase07 of GradeP1: success
2025-01-31 18:30:06,848 DEBUG [PlugSim.java:84] Plug b.200: power 200.0
2025-01-31 18:30:06,849 DEBUG [PlugSim.java:84] Plug b.200: power 0.0
2025-01-31 18:30:06,849 INFO [Grading.java:35] testCase08 of GradeP1: success
2025-01-31 18:30:06,850 DEBUG [PlugSim.java:84] Plug cccccccc.1000: power 1000.0
2025-01-31 18:30:06,850 DEBUG [PlugSim.java:84] Plug cccccccc.1000: power 0.0
2025-01-31 18:30:06,851 INFO [Grading.java:35] testCase09 of GradeP1: success
2025-01-31 18:39:34,113 DEBUG [PlugSim.java:99] Plug a: power 0.0
2025-01-31 18:39:42,033 INFO [Grading.java:35] testCase00 of GradeP1: success
2025-01-31 18:39:42,039 INFO [Grading.java:35] testCase01 of GradeP1: success
2025-01-31 18:39:42,040 INFO [Grading.java:35] testCase02 of GradeP1: success
2025-01-31 18:39:42,041 INFO [Grading.java:35] testCase03 of GradeP1: success
2025-01-31 18:39:42,042 INFO [Grading.java:35] testCase04 of GradeP1: success
2025-01-31 18:39:42,043 INFO [Grading.java:35] testCase05 of GradeP1: success
2025-01-31 18:39:42,044 INFO [Grading.java:35] testCase06 of GradeP1: success
2025-01-31 18:39:42,044 DEBUG [PlugSim.java:99] Plug b.200: power 200.0
2025-01-31 18:39:42,047 INFO [Grading.java:35] testCase07 of GradeP1: success
2025-01-31 18:39:42,048 DEBUG [PlugSim.java:99] Plug b.200: power 200.0
2025-01-31 18:39:42,048 DEBUG [PlugSim.java:99] Plug b.200: power 0.0
2025-01-31 18:39:42,049 INFO [Grading.java:35] testCase08 of GradeP1: success
2025-01-31 18:39:42,049 DEBUG [PlugSim.java:99] Plug cccccccc.1000: power 1000.0
2025-01-31 18:39:42,050 DEBUG [PlugSim.java:99] Plug cccccccc.1000: power 0.0
2025-01-31 18:39:42,050 INFO [Grading.java:35] testCase09 of GradeP1: success
2025-01-31 18:46:10,390 DEBUG [PlugSim.java:102] Plug a: power 0.0
2025-01-31 18:46:20,659 INFO [Grading.java:35] testCase00 of GradeP1: success
2025-01-31 18:46:20,664 INFO [Grading.java:35] testCase01 of GradeP1: success
2025-01-31 18:46:20,665 INFO [Grading.java:35] testCase02 of GradeP1: success
2025-01-31 18:46:20,666 INFO [Grading.java:35] testCase03 of GradeP1: success
2025-01-31 18:46:20,667 INFO [Grading.java:35] testCase04 of GradeP1: success
2025-01-31 18:46:20,668 INFO [Grading.java:35] testCase05 of GradeP1: success
2025-01-31 18:46:20,669 INFO [Grading.java:35] testCase06 of GradeP1: success
2025-01-31 18:46:20,669 DEBUG [PlugSim.java:102] Plug b.200: power 200.0
2025-01-31 18:46:20,673 INFO [Grading.java:35] testCase07 of GradeP1: success
2025-01-31 18:46:20,674 DEBUG [PlugSim.java:102] Plug b.200: power 200.0
2025-01-31 18:46:20,674 DEBUG [PlugSim.java:102] Plug b.200: power 0.0
2025-01-31 18:46:20,675 INFO [Grading.java:35] testCase08 of GradeP1: success
2025-01-31 18:46:20,676 DEBUG [PlugSim.java:102] Plug cccccccc.1000: power 1000.0
2025-01-31 18:46:20,676 DEBUG [PlugSim.java:102] Plug cccccccc.1000: power 0.0
2025-01-31 18:46:20,676 INFO [Grading.java:35] testCase09 of GradeP1: success
2025-01-31 18:47:20,012 DEBUG [PlugSim.java:102] Plug a: power 0.0
2025-01-31 18:47:27,952 INFO [Grading.java:35] testCase00 of GradeP1: success
2025-01-31 18:47:27,957 INFO [Grading.java:35] testCase01 of GradeP1: success
2025-01-31 18:47:27,958 INFO [Grading.java:35] testCase02 of GradeP1: success
2025-01-31 18:47:27,958 INFO [Grading.java:35] testCase03 of GradeP1: success
2025-01-31 18:47:27,959 INFO [Grading.java:35] testCase04 of GradeP1: success
2025-01-31 18:47:27,959 INFO [Grading.java:35] testCase05 of GradeP1: success
2025-01-31 18:47:27,960 INFO [Grading.java:35] testCase06 of GradeP1: success
2025-01-31 18:47:27,960 DEBUG [PlugSim.java:102] Plug b.200: power 200.0
2025-01-31 18:47:27,963 INFO [Grading.java:35] testCase07 of GradeP1: success
2025-01-31 18:47:27,963 DEBUG [PlugSim.java:102] Plug b.200: power 200.0
2025-01-31 18:47:27,964 DEBUG [PlugSim.java:102] Plug b.200: power 0.0
2025-01-31 18:47:27,964 INFO [Grading.java:35] testCase08 of GradeP1: success
2025-01-31 18:47:27,965 DEBUG [PlugSim.java:102] Plug cccccccc.1000: power 1000.0
2025-01-31 18:47:27,965 DEBUG [PlugSim.java:102] Plug cccccccc.1000: power 0.0
2025-01-31 18:47:27,965 INFO [Grading.java:35] testCase09 of GradeP1: success
2025-01-31 18:51:01,359 DEBUG [PlugSim.java:102] Plug a: power 48.779851850782904
2025-01-31 18:51:01,377 DEBUG [PlugSim.java:102] Plug a: power 0.0
2025-01-31 18:51:08,449 INFO [Grading.java:35] testCase00 of GradeP1: success
2025-01-31 18:51:08,454 INFO [Grading.java:35] testCase01 of GradeP1: success
2025-01-31 18:51:08,455 INFO [Grading.java:35] testCase02 of GradeP1: success
2025-01-31 18:51:08,456 INFO [Grading.java:35] testCase03 of GradeP1: success
2025-01-31 18:51:08,457 INFO [Grading.java:35] testCase04 of GradeP1: success
2025-01-31 18:51:08,458 INFO [Grading.java:35] testCase05 of GradeP1: success
2025-01-31 18:51:08,458 INFO [Grading.java:35] testCase06 of GradeP1: success
2025-01-31 18:51:08,459 DEBUG [PlugSim.java:102] Plug b.200: power 200.0
2025-01-31 18:51:08,462 INFO [Grading.java:35] testCase07 of GradeP1: success
2025-01-31 18:51:08,463 DEBUG [PlugSim.java:102] Plug b.200: power 200.0
2025-01-31 18:51:08,463 DEBUG [PlugSim.java:102] Plug b.200: power 0.0
2025-01-31 18:51:08,463 INFO [Grading.java:35] testCase08 of GradeP1: success
2025-01-31 18:51:08,464 DEBUG [PlugSim.java:102] Plug cccccccc.1000: power 1000.0
2025-01-31 18:51:08,464 DEBUG [PlugSim.java:102] Plug cccccccc.1000: power 0.0
2025-01-31 18:51:08,464 INFO [Grading.java:35] testCase09 of GradeP1: success
2025-01-31 18:53:49,385 DEBUG [PlugSim.java:102] Plug test200: power 42.9158804944172
2025-01-31 18:53:49,396 DEBUG [PlugSim.java:102] Plug a: power 14.450844754913017
2025-01-31 18:53:49,398 DEBUG [PlugSim.java:102] Plug a: power 0.0
2025-01-31 18:54:15,432 DEBUG [PlugSim.java:102] Plug a: power 62.685566593876054
2025-01-31 18:54:15,441 DEBUG [PlugSim.java:102] Plug test200: power 43.487695005353785
2025-01-31 18:54:15,444 DEBUG [PlugSim.java:102] Plug a: power 0.0
2025-01-31 18:56:19,301 DEBUG [PlugSim.java:102] Plug test200: power 0.6066997710668875
2025-01-31 18:56:19,315 DEBUG [PlugSim.java:102] Plug a: power 99.31216858135232
2025-01-31 18:56:19,316 DEBUG [PlugSim.java:102] Plug a: power 0.0
2025-01-31 18:58:38,263 DEBUG [PlugSim.java:102] Plug test.200: power 200.0
2025-01-31 18:58:38,274 DEBUG [PlugSim.java:102] Plug a: power 87.55042833699505
2025-01-31 18:58:38,276 DEBUG [PlugSim.java:102] Plug a: power 0.0
2025-01-31 18:58:45,836 INFO [Grading.java:35] testCase00 of GradeP1: success
2025-01-31 18:58:45,848 INFO [Grading.java:35] testCase01 of GradeP1: success
2025-01-31 18:58:45,850 INFO [Grading.java:35] testCase02 of GradeP1: success
2025-01-31 18:58:45,852 INFO [Grading.java:35] testCase03 of GradeP1: success
2025-01-31 18:58:45,856 INFO [Grading.java:35] testCase04 of GradeP1: success
2025-01-31 18:58:45,861 INFO [Grading.java:35] testCase05 of GradeP1: success
2025-01-31 18:58:45,866 INFO [Grading.java:35] testCase06 of GradeP1: success
2025-01-31 18:58:45,867 DEBUG [PlugSim.java:102] Plug b.200: power 200.0
2025-01-31 18:58:45,878 INFO [Grading.java:35] testCase07 of GradeP1: success
2025-01-31 18:58:45,879 DEBUG [PlugSim.java:102] Plug b.200: power 200.0
2025-01-31 18:58:45,879 DEBUG [PlugSim.java:102] Plug b.200: power 0.0
2025-01-31 18:58:45,880 INFO [Grading.java:35] testCase08 of GradeP1: success
2025-01-31 18:58:45,881 DEBUG [PlugSim.java:102] Plug cccccccc.1000: power 1000.0
2025-01-31 18:58:45,882 DEBUG [PlugSim.java:102] Plug cccccccc.1000: power 0.0
2025-01-31 18:58:45,882 INFO [Grading.java:35] testCase09 of GradeP1: success
2025-01-31 19:03:50,150 DEBUG [PlugSim.java:102] Plug test.200: power 200.0
2025-01-31 19:03:50,166 DEBUG [PlugSim.java:102] Plug a: power 47.25413586025311
2025-01-31 19:03:50,167 DEBUG [PlugSim.java:102] Plug a: power 0.0
2025-01-31 19:03:50,169 DEBUG [PlugSim.java:102] Plug a: power 5.355338666134568
2025-01-31 19:03:50,169 DEBUG [PlugSim.java:102] Plug a: power 98.90586434091861
2025-01-31 19:03:50,170 DEBUG [PlugSim.java:102] Plug a: power 188.9079774703505
2025-01-31 19:03:50,170 DEBUG [PlugSim.java:102] Plug a: power 191.30580544377506
2025-01-31 19:03:50,170 DEBUG [PlugSim.java:102] Plug a: power 211.1978116752024
2025-01-31 19:03:50,171 DEBUG [PlugSim.java:102] Plug a: power 210.0697591578409
2025-01-31 19:03:50,171 DEBUG [PlugSim.java:102] Plug a: power 228.05269839636986
2025-01-31 19:03:50,171 DEBUG [PlugSim.java:102] Plug a: power 240.39209199383424
2025-01-31 19:03:50,171 DEBUG [PlugSim.java:102] Plug a: power 239.3170321377478
2025-01-31 19:03:50,171 DEBUG [PlugSim.java:102] Plug a: power 229.00779434287307
2025-01-31 19:03:57,667 INFO [Grading.java:35] testCase00 of GradeP1: success
2025-01-31 19:03:57,671 INFO [Grading.java:35] testCase01 of GradeP1: success
2025-01-31 19:03:57,672 INFO [Grading.java:35] testCase02 of GradeP1: success
2025-01-31 19:03:57,673 INFO [Grading.java:35] testCase03 of GradeP1: success
2025-01-31 19:03:57,673 INFO [Grading.java:35] testCase04 of GradeP1: success
2025-01-31 19:03:57,674 INFO [Grading.java:35] testCase05 of GradeP1: success
2025-01-31 19:03:57,674 INFO [Grading.java:35] testCase06 of GradeP1: success
2025-01-31 19:03:57,675 DEBUG [PlugSim.java:102] Plug b.200: power 200.0
2025-01-31 19:03:57,678 INFO [Grading.java:35] testCase07 of GradeP1: success
2025-01-31 19:03:57,678 DEBUG [PlugSim.java:102] Plug b.200: power 200.0
2025-01-31 19:03:57,678 DEBUG [PlugSim.java:102] Plug b.200: power 0.0
2025-01-31 19:03:57,679 INFO [Grading.java:35] testCase08 of GradeP1: success
2025-01-31 19:03:57,679 DEBUG [PlugSim.java:102] Plug cccccccc.1000: power 1000.0
2025-01-31 19:03:57,679 DEBUG [PlugSim.java:102] Plug cccccccc.1000: power 0.0
2025-01-31 19:03:57,680 INFO [Grading.java:35] testCase09 of GradeP1: success
2025-01-31 19:07:15,164 DEBUG [PlugSim.java:102] Plug test.200: power 200.0
2025-01-31 19:07:15,173 DEBUG [PlugSim.java:102] Plug a: power 0.6287898941005121
2025-01-31 19:07:15,174 DEBUG [PlugSim.java:102] Plug a: power 0.0
2025-01-31 19:07:15,175 DEBUG [PlugSim.java:102] Plug a: power 97.93970112877386
2025-01-31 19:07:15,176 DEBUG [PlugSim.java:102] Plug a: power 102.30269288737779
2025-01-31 19:07:15,176 DEBUG [PlugSim.java:102] Plug a: power 122.28342328063212
2025-01-31 19:07:15,176 DEBUG [PlugSim.java:102] Plug a: power 140.3948315946068
2025-01-31 19:07:15,176 DEBUG [PlugSim.java:102] Plug a: power 150.98976399230713
2025-01-31 19:07:15,177 DEBUG [PlugSim.java:102] Plug a: power 168.1868643958872
2025-01-31 19:07:15,177 DEBUG [PlugSim.java:102] Plug a: power 178.03240096757946
2025-01-31 19:07:15,177 DEBUG [PlugSim.java:102] Plug a: power 186.5013916208505
2025-01-31 19:07:15,177 DEBUG [PlugSim.java:102] Plug a: power 192.4559821616118
2025-01-31 19:07:15,177 DEBUG [PlugSim.java:102] Plug a: power 183.56046713746724
2025-01-31 19:07:15,178 DEBUG [PlugSim.java:102] Plug a: power 71.11511535024042
2025-01-31 19:07:23,206 INFO [Grading.java:35] testCase00 of GradeP1: success
2025-01-31 19:07:23,211 INFO [Grading.java:35] testCase01 of GradeP1: success
2025-01-31 19:07:23,212 INFO [Grading.java:35] testCase02 of GradeP1: success
2025-01-31 19:07:23,213 INFO [Grading.java:35] testCase03 of GradeP1: success
2025-01-31 19:07:23,214 INFO [Grading.java:35] testCase04 of GradeP1: success
2025-01-31 19:07:23,215 INFO [Grading.java:35] testCase05 of GradeP1: success
2025-01-31 19:07:23,216 INFO [Grading.java:35] testCase06 of GradeP1: success
2025-01-31 19:07:23,216 DEBUG [PlugSim.java:102] Plug b.200: power 200.0
2025-01-31 19:07:23,219 INFO [Grading.java:35] testCase07 of GradeP1: success
2025-01-31 19:07:23,219 DEBUG [PlugSim.java:102] Plug b.200: power 200.0
2025-01-31 19:07:23,219 DEBUG [PlugSim.java:102] Plug b.200: power 0.0
2025-01-31 19:07:23,220 INFO [Grading.java:35] testCase08 of GradeP1: success
2025-01-31 19:07:23,220 DEBUG [PlugSim.java:102] Plug cccccccc.1000: power 1000.0
2025-01-31 19:07:23,220 DEBUG [PlugSim.java:102] Plug cccccccc.1000: power 0.0
2025-01-31 19:07:23,221 INFO [Grading.java:35] testCase09 of GradeP1: success
2025-01-31 19:10:31,327 DEBUG [PlugSim.java:102] Plug a: power 0.0
2025-01-31 19:10:31,334 DEBUG [PlugSim.java:102] Plug a: power 0.0
2025-01-31 19:10:31,334 DEBUG [PlugSim.java:102] Plug a: power 0.0
2025-01-31 19:10:31,334 DEBUG [PlugSim.java:102] Plug a: power 0.0
2025-01-31 19:10:31,334 DEBUG [PlugSim.java:102] Plug a: power 0.0
2025-01-31 19:10:31,335 DEBUG [PlugSim.java:102] Plug test.200: power 200.0
2025-01-31 19:10:31,337 DEBUG [PlugSim.java:102] Plug a: power 54.409329420430375
2025-01-31 19:10:31,339 DEBUG [PlugSim.java:102] Plug a: power 0.0
2025-01-31 19:10:31,339 DEBUG [PlugSim.java:102] Plug a: power 51.269857135575826
2025-01-31 19:10:31,340 DEBUG [PlugSim.java:102] Plug a: power 54.90959785423626
2025-01-31 19:10:31,340 DEBUG [PlugSim.java:102] Plug a: power 113.60273529620206
2025-01-31 19:10:31,340 DEBUG [PlugSim.java:102] Plug a: power 96.40173473650376
2025-01-31 19:10:31,340 DEBUG [PlugSim.java:102] Plug a: power 96.92372696118366
2025-01-31 19:10:31,340 DEBUG [PlugSim.java:102] Plug a: power 113.58782907327794
2025-01-31 19:10:31,340 DEBUG [PlugSim.java:102] Plug a: power 109.1703970719733
2025-01-31 19:10:31,340 DEBUG [PlugSim.java:102] Plug a: power 122.79503597269985
2025-01-31 19:10:31,341 DEBUG [PlugSim.java:102] Plug a: power 134.69709176808607
2025-01-31 19:10:31,341 DEBUG [PlugSim.java:102] Plug a: power 145.76178961724187
2025-01-31 19:10:31,341 DEBUG [PlugSim.java:102] Plug a: power 29.595473179847843
2025-01-31 19:10:39,624 INFO [Grading.java:35] testCase00 of GradeP1: success
2025-01-31 19:10:39,629 INFO [Grading.java:35] testCase01 of GradeP1: success
2025-01-31 19:10:39,630 INFO [Grading.java:35] testCase02 of GradeP1: success
2025-01-31 19:10:39,631 INFO [Grading.java:35] testCase03 of GradeP1: success
2025-01-31 19:10:39,632 INFO [Grading.java:35] testCase04 of GradeP1: success
2025-01-31 19:10:39,633 INFO [Grading.java:35] testCase05 of GradeP1: success
2025-01-31 19:10:39,634 INFO [Grading.java:35] testCase06 of GradeP1: success
2025-01-31 19:10:39,635 DEBUG [PlugSim.java:102] Plug b.200: power 200.0
2025-01-31 19:10:39,639 INFO [Grading.java:35] testCase07 of GradeP1: success
2025-01-31 19:10:39,639 DEBUG [PlugSim.java:102] Plug b.200: power 200.0
2025-01-31 19:10:39,639 DEBUG [PlugSim.java:102] Plug b.200: power 0.0
2025-01-31 19:10:39,640 INFO [Grading.java:35] testCase08 of GradeP1: success
2025-01-31 19:10:39,640 DEBUG [PlugSim.java:102] Plug cccccccc.1000: power 1000.0
2025-01-31 19:10:39,641 DEBUG [PlugSim.java:102] Plug cccccccc.1000: power 0.0
2025-01-31 19:10:39,641 INFO [Grading.java:35] testCase09 of GradeP1: success
2025-01-31 19:12:34,784 DEBUG [PlugSim.java:102] Plug a: power 59.09455964118408
2025-01-31 19:12:34,795 DEBUG [PlugSim.java:102] Plug a: power 129.192894922886
2025-01-31 19:12:34,796 DEBUG [PlugSim.java:102] Plug a: power 127.78995584412704
2025-01-31 19:12:34,796 DEBUG [PlugSim.java:102] Plug a: power 141.3510671107124
2025-01-31 19:12:34,796 DEBUG [PlugSim.java:102] Plug a: power 129.11094348584734
2025-01-31 19:12:34,799 DEBUG [PlugSim.java:102] Plug test.200: power 200.0
2025-01-31 19:12:34,800 DEBUG [PlugSim.java:102] Plug a: power 70.93903830624666
2025-01-31 19:12:34,801 DEBUG [PlugSim.java:102] Plug a: power 26.954313997577017
2025-01-31 19:12:34,802 DEBUG [PlugSim.java:102] Plug a: power 96.3055250316911
2025-01-31 19:12:34,803 DEBUG [PlugSim.java:102] Plug a: power 110.23877427687358
2025-01-31 19:12:34,803 DEBUG [PlugSim.java:102] Plug a: power 111.4852608743638
2025-01-31 19:12:34,804 DEBUG [PlugSim.java:102] Plug a: power 107.70073102499327
2025-01-31 19:12:34,804 DEBUG [PlugSim.java:102] Plug a: power 88.11397085425597
2025-01-31 19:12:34,804 DEBUG [PlugSim.java:102] Plug a: power 113.18487350176561
2025-01-31 19:12:34,804 DEBUG [PlugSim.java:102] Plug a: power 104.64789075255509
2025-01-31 19:12:34,804 DEBUG [PlugSim.java:102] Plug a: power 116.65788394353595
2025-01-31 19:12:34,805 DEBUG [PlugSim.java:102] Plug a: power 126.65872694475752
2025-01-31 19:12:34,805 DEBUG [PlugSim.java:102] Plug a: power 129.42772151795612
2025-01-31 19:12:34,805 DEBUG [PlugSim.java:102] Plug a: power 64.56399515243181
2025-01-31 19:13:50,020 DEBUG [PlugSim.java:102] Plug a: power 0.0
2025-01-31 19:13:50,026 DEBUG [PlugSim.java:102] Plug a: power 0.0
2025-01-31 19:13:50,026 DEBUG [PlugSim.java:102] Plug a: power 0.0
2025-01-31 19:13:50,026 DEBUG [PlugSim.java:102] Plug a: power 0.0
2025-01-31 19:13:50,026 DEBUG [PlugSim.java:102] Plug a: power 0.0
2025-01-31 19:13:50,027 DEBUG [PlugSim.java:102] Plug test.200: power 200.0
2025-01-31 19:13:50,029 DEBUG [PlugSim.java:102] Plug a: power 17.639459565314564
2025-01-31 19:13:50,029 DEBUG [PlugSim.java:102] Plug a: power 0.0
2025-01-31 19:13:50,030 DEBUG [PlugSim.java:102] Plug a: power 99.98306991642502
2025-01-31 19:13:50,030 DEBUG [PlugSim.java:102] Plug a: power 161.1788260347049
2025-01-31 19:13:50,030 DEBUG [PlugSim.java:102] Plug a: power 160.2297433681473
2025-01-31 19:13:50,030 DEBUG [PlugSim.java:102] Plug a: power 164.10820365598104
2025-01-31 19:13:50,030 DEBUG [PlugSim.java:102] Plug a: power 181.17287192579795
2025-01-31 19:13:50,030 DEBUG [PlugSim.java:102] Plug a: power 164.28141803648708
2025-01-31 19:13:50,030 DEBUG [PlugSim.java:102] Plug a: power 177.54027203149047
2025-01-31 19:13:50,030 DEBUG [PlugSim.java:102] Plug a: power 196.3271871148907
2025-01-31 19:13:50,031 DEBUG [PlugSim.java:102] Plug a: power 177.0966330733558
2025-01-31 19:13:50,031 DEBUG [PlugSim.java:102] Plug a: power 172.1193291780792
2025-01-31 19:13:50,031 DEBUG [PlugSim.java:102] Plug a: power 91.614071356061
2025-01-31 19:13:57,351 INFO [Grading.java:35] testCase00 of GradeP1: success
2025-01-31 19:13:57,356 INFO [Grading.java:35] testCase01 of GradeP1: success
2025-01-31 19:13:57,356 INFO [Grading.java:35] testCase02 of GradeP1: success
2025-01-31 19:13:57,357 INFO [Grading.java:35] testCase03 of GradeP1: success
2025-01-31 19:13:57,357 INFO [Grading.java:35] testCase04 of GradeP1: success
2025-01-31 19:13:57,358 INFO [Grading.java:35] testCase05 of GradeP1: success
2025-01-31 19:13:57,359 INFO [Grading.java:35] testCase06 of GradeP1: success
2025-01-31 19:13:57,359 DEBUG [PlugSim.java:102] Plug b.200: power 200.0
2025-01-31 19:13:57,362 INFO [Grading.java:35] testCase07 of GradeP1: success
2025-01-31 19:13:57,362 DEBUG [PlugSim.java:102] Plug b.200: power 200.0
2025-01-31 19:13:57,362 DEBUG [PlugSim.java:102] Plug b.200: power 0.0
2025-01-31 19:13:57,363 INFO [Grading.java:35] testCase08 of GradeP1: success
2025-01-31 19:13:57,363 DEBUG [PlugSim.java:102] Plug cccccccc.1000: power 1000.0
2025-01-31 19:13:57,363 DEBUG [PlugSim.java:102] Plug cccccccc.1000: power 0.0
2025-01-31 19:13:57,364 INFO [Grading.java:35] testCase09 of GradeP1: success
2025-01-31 19:19:37,530 DEBUG [PlugSim.java:102] Plug a: power 0.0
2025-01-31 19:19:37,539 DEBUG [PlugSim.java:102] Plug a: power 0.0
2025-01-31 19:19:37,539 DEBUG [PlugSim.java:102] Plug a: power 0.0
2025-01-31 19:19:37,540 DEBUG [PlugSim.java:102] Plug a: power 0.0
2025-01-31 19:19:37,540 DEBUG [PlugSim.java:102] Plug a: power 0.0
2025-01-31 19:19:37,541 DEBUG [PlugSim.java:102] Plug test.200: power 200.0
2025-01-31 19:19:37,543 DEBUG [PlugSim.java:102] Plug a: power 75.53511335859538
2025-01-31 19:19:37,544 DEBUG [PlugSim.java:102] Plug a: power 27.577257381369346
2025-01-31 19:19:37,544 DEBUG [PlugSim.java:102] Plug a: power 30.747601974866345
2025-01-31 19:19:37,544 DEBUG [PlugSim.java:102] Plug a: power 117.48156212389038
2025-01-31 19:19:37,544 DEBUG [PlugSim.java:102] Plug a: power 350.0
2025-01-31 19:19:37,545 DEBUG [PlugSim.java:102] Plug a: power 270.23642394032095
2025-01-31 19:19:37,545 DEBUG [PlugSim.java:102] Plug a: power 0.0
2025-01-31 19:19:37,546 DEBUG [PlugSim.java:102] Plug a: power 76.63296761374681
2025-01-31 19:19:37,546 DEBUG [PlugSim.java:102] Plug a: power 168.9963104487378
2025-01-31 19:19:37,546 DEBUG [PlugSim.java:102] Plug a: power 152.36448923606108
2025-01-31 19:19:37,546 DEBUG [PlugSim.java:102] Plug a: power 149.3653354403032
2025-01-31 19:19:37,547 DEBUG [PlugSim.java:102] Plug a: power 157.12978525793375
2025-01-31 19:19:37,547 DEBUG [PlugSim.java:102] Plug a: power 176.06057516762723
2025-01-31 19:19:37,547 DEBUG [PlugSim.java:102] Plug a: power 166.47453458092457
2025-01-31 19:19:37,547 DEBUG [PlugSim.java:102] Plug a: power 148.6375099893753
2025-01-31 19:19:37,547 DEBUG [PlugSim.java:102] Plug a: power 158.8988958983103
2025-01-31 19:19:37,548 DEBUG [PlugSim.java:102] Plug a: power 143.10392490788573
2025-01-31 19:19:37,548 DEBUG [PlugSim.java:102] Plug a: power 21.01865863730039
2025-01-31 19:19:44,859 INFO [Grading.java:35] testCase00 of GradeP1: success
2025-01-31 19:19:44,865 INFO [Grading.java:35] testCase01 of GradeP1: success
2025-01-31 19:19:44,865 INFO [Grading.java:35] testCase02 of GradeP1: success
2025-01-31 19:19:44,866 INFO [Grading.java:35] testCase03 of GradeP1: success
2025-01-31 19:19:44,867 INFO [Grading.java:35] testCase04 of GradeP1: success
2025-01-31 19:19:44,868 INFO [Grading.java:35] testCase05 of GradeP1: success
2025-01-31 19:19:44,869 INFO [Grading.java:35] testCase06 of GradeP1: success
2025-01-31 19:19:44,869 DEBUG [PlugSim.java:102] Plug b.200: power 200.0
2025-01-31 19:19:44,872 INFO [Grading.java:35] testCase07 of GradeP1: success
2025-01-31 19:19:44,872 DEBUG [PlugSim.java:102] Plug b.200: power 200.0
2025-01-31 19:19:44,873 DEBUG [PlugSim.java:102] Plug b.200: power 0.0
2025-01-31 19:19:44,873 INFO [Grading.java:35] testCase08 of GradeP1: success
2025-01-31 19:19:44,874 DEBUG [PlugSim.java:102] Plug cccccccc.1000: power 1000.0
2025-01-31 19:19:44,874 DEBUG [PlugSim.java:102] Plug cccccccc.1000: power 0.0
2025-01-31 19:19:44,874 INFO [Grading.java:35] testCase09 of GradeP1: success
2025-01-31 19:21:42,162 DEBUG [PlugSim.java:102] Plug a: power 0.0
2025-01-31 19:21:42,170 DEBUG [PlugSim.java:102] Plug a: power 0.0
2025-01-31 19:21:42,170 DEBUG [PlugSim.java:102] Plug a: power 0.0
2025-01-31 19:21:42,171 DEBUG [PlugSim.java:102] Plug a: power 0.0
2025-01-31 19:21:42,171 DEBUG [PlugSim.java:102] Plug a: power 0.0
2025-01-31 19:21:42,172 DEBUG [PlugSim.java:102] Plug a: power 21.580428415283805
2025-01-31 19:21:42,174 DEBUG [PlugSim.java:102] Plug test.200: power 200.0
2025-01-31 19:21:42,174 DEBUG [PlugSim.java:102] Plug a: power 60.47432742866688
2025-01-31 19:21:42,175 DEBUG [PlugSim.java:102] Plug a: power 67.35886817973926
2025-01-31 19:21:42,175 DEBUG [PlugSim.java:102] Plug a: power 137.43105649408704
2025-01-31 19:21:42,176 DEBUG [PlugSim.java:102] Plug a: power 135.14803208204108
2025-01-31 19:21:42,176 DEBUG [PlugSim.java:102] Plug a: power 350.0
2025-01-31 19:21:42,176 DEBUG [PlugSim.java:102] Plug a: power 324.63012074569434
2025-01-31 19:21:42,180 DEBUG [PlugSim.java:102] Plug a: power 0.0
2025-01-31 19:21:42,181 DEBUG [PlugSim.java:102] Plug a: power 61.348341733320964
2025-01-31 19:21:42,182 DEBUG [PlugSim.java:102] Plug a: power 113.60639057549551
2025-01-31 19:21:42,182 DEBUG [PlugSim.java:102] Plug a: power 99.81024818540502
2025-01-31 19:21:42,182 DEBUG [PlugSim.java:102] Plug a: power 154.85067268456564
2025-01-31 19:21:42,182 DEBUG [PlugSim.java:102] Plug a: power 140.49009848215357
2025-01-31 19:21:42,185 DEBUG [PlugSim.java:102] Plug a: power 133.3163962430436
2025-01-31 19:21:42,186 DEBUG [PlugSim.java:102] Plug a: power 135.85576953944923
2025-01-31 19:21:42,186 DEBUG [PlugSim.java:102] Plug a: power 125.18680074665528
2025-01-31 19:21:42,187 DEBUG [PlugSim.java:102] Plug a: power 112.68694145032006
2025-01-31 19:21:42,187 DEBUG [PlugSim.java:102] Plug a: power 93.54793442666511
2025-01-31 19:21:42,188 DEBUG [PlugSim.java:102] Plug a: power 95.2044449647751
2025-01-31 19:22:46,879 DEBUG [PlugSim.java:102] Plug a: power 0.0
2025-01-31 19:22:46,885 DEBUG [PlugSim.java:102] Plug a: power 0.0
2025-01-31 19:22:46,885 DEBUG [PlugSim.java:102] Plug a: power 0.0
2025-01-31 19:22:46,885 DEBUG [PlugSim.java:102] Plug a: power 0.0
2025-01-31 19:22:46,886 DEBUG [PlugSim.java:102] Plug a: power 0.0
2025-01-31 19:22:46,887 DEBUG [PlugSim.java:102] Plug a: power 71.33014830187085
2025-01-31 19:22:46,888 DEBUG [PlugSim.java:102] Plug test.200: power 200.0
2025-01-31 19:22:46,889 DEBUG [PlugSim.java:102] Plug a: power 69.04991591138932
2025-01-31 19:22:46,890 DEBUG [PlugSim.java:102] Plug a: power 24.63697570253841
2025-01-31 19:22:46,890 DEBUG [PlugSim.java:102] Plug a: power 100.82281420101741
2025-01-31 19:22:46,890 DEBUG [PlugSim.java:102] Plug a: power 83.46993855432822
2025-01-31 19:22:46,891 DEBUG [PlugSim.java:102] Plug a: power 350.0
2025-01-31 19:22:46,891 DEBUG [PlugSim.java:102] Plug a: power 252.726505051714
2025-01-31 19:22:46,891 DEBUG [PlugSim.java:102] Plug a: power 0.0
2025-01-31 19:22:46,892 DEBUG [PlugSim.java:102] Plug a: power 99.62899993170683
2025-01-31 19:22:46,892 DEBUG [PlugSim.java:102] Plug a: power 141.48213141653605
2025-01-31 19:22:46,893 DEBUG [PlugSim.java:102] Plug a: power 140.60818731904754
2025-01-31 19:22:46,893 DEBUG [PlugSim.java:102] Plug a: power 139.07808637536132
2025-01-31 19:22:46,893 DEBUG [PlugSim.java:102] Plug a: power 120.27058339073733
2025-01-31 19:22:46,893 DEBUG [PlugSim.java:102] Plug a: power 131.07298151488874
2025-01-31 19:22:46,893 DEBUG [PlugSim.java:102] Plug a: power 148.79998182153656
2025-01-31 19:22:46,894 DEBUG [PlugSim.java:102] Plug a: power 138.60413452490815
2025-01-31 19:22:46,894 DEBUG [PlugSim.java:102] Plug a: power 145.54754415540793
2025-01-31 19:22:46,894 DEBUG [PlugSim.java:102] Plug a: power 156.28431041924068
2025-01-31 19:22:46,894 DEBUG [PlugSim.java:102] Plug a: power 44.15564285594854
2025-01-31 19:22:55,643 INFO [Grading.java:35] testCase00 of GradeP1: success
2025-01-31 19:22:55,648 INFO [Grading.java:35] testCase01 of GradeP1: success
2025-01-31 19:22:55,648 INFO [Grading.java:35] testCase02 of GradeP1: success
2025-01-31 19:22:55,649 INFO [Grading.java:35] testCase03 of GradeP1: success
2025-01-31 19:22:55,650 INFO [Grading.java:35] testCase04 of GradeP1: success
2025-01-31 19:22:55,650 INFO [Grading.java:35] testCase05 of GradeP1: success
2025-01-31 19:22:55,652 INFO [Grading.java:35] testCase06 of GradeP1: success
2025-01-31 19:22:55,652 DEBUG [PlugSim.java:102] Plug b.200: power 200.0
2025-01-31 19:22:55,655 INFO [Grading.java:35] testCase07 of GradeP1: success
2025-01-31 19:22:55,655 DEBUG [PlugSim.java:102] Plug b.200: power 200.0
2025-01-31 19:22:55,655 DEBUG [PlugSim.java:102] Plug b.200: power 0.0
2025-01-31 19:22:55,656 INFO [Grading.java:35] testCase08 of GradeP1: success
2025-01-31 19:22:55,656 DEBUG [PlugSim.java:102] Plug cccccccc.1000: power 1000.0
2025-01-31 19:22:55,657 DEBUG [PlugSim.java:102] Plug cccccccc.1000: power 0.0
2025-01-31 19:22:55,657 INFO [Grading.java:35] testCase09 of GradeP1: success
2025-01-31 19:25:18,529 DEBUG [PlugSim.java:102] Plug a: power 0.0
2025-01-31 19:25:18,536 DEBUG [PlugSim.java:102] Plug a: power 0.0
2025-01-31 19:25:18,536 DEBUG [PlugSim.java:102] Plug a: power 0.0
2025-01-31 19:25:18,536 DEBUG [PlugSim.java:102] Plug a: power 0.0
2025-01-31 19:25:18,536 DEBUG [PlugSim.java:102] Plug a: power 0.0
2025-01-31 19:25:18,537 DEBUG [PlugSim.java:102] Plug a: power 94.28599615366532
2025-01-31 19:25:18,539 DEBUG [PlugSim.java:102] Plug test.200: power 200.0
2025-01-31 19:25:18,542 DEBUG [PlugSim.java:102] Plug a: power 7.1085094059959
2025-01-31 19:25:18,543 DEBUG [PlugSim.java:102] Plug a: power 11.494358921765313
2025-01-31 19:25:18,543 DEBUG [PlugSim.java:102] Plug a: power 75.2775553056171
2025-01-31 19:25:18,543 DEBUG [PlugSim.java:102] Plug a: power 127.86663336688507
2025-01-31 19:25:18,543 DEBUG [PlugSim.java:102] Plug a: power 350.0
2025-01-31 19:25:18,543 DEBUG [PlugSim.java:102] Plug a: power 346.60909816578334
2025-01-31 19:25:18,544 DEBUG [PlugSim.java:102] Plug a: power 0.0
2025-01-31 19:25:18,545 DEBUG [PlugSim.java:102] Plug a: power 54.696199081443886
2025-01-31 19:25:18,545 DEBUG [PlugSim.java:102] Plug a: power 138.87109629369246
2025-01-31 19:25:18,545 DEBUG [PlugSim.java:102] Plug a: power 124.034084588945
2025-01-31 19:25:18,545 DEBUG [PlugSim.java:102] Plug a: power 110.31718949319873
2025-01-31 19:25:18,545 DEBUG [PlugSim.java:102] Plug a: power 118.93329849321236
2025-01-31 19:25:18,546 DEBUG [PlugSim.java:102] Plug a: power 102.38084516155523
2025-01-31 19:25:18,546 DEBUG [PlugSim.java:102] Plug a: power 105.21001122979283
2025-01-31 19:25:18,546 DEBUG [PlugSim.java:102] Plug a: power 89.61034182052519
2025-01-31 19:25:18,546 DEBUG [PlugSim.java:102] Plug a: power 97.00802228687007
2025-01-31 19:25:18,546 DEBUG [PlugSim.java:102] Plug a: power 100.53904619100348
2025-01-31 19:25:18,547 DEBUG [PlugSim.java:102] Plug a: power 23.596628145050545
2025-01-31 19:25:50,838 DEBUG [PlugSim.java:102] Plug a: power 0.0
2025-01-31 19:25:50,845 DEBUG [PlugSim.java:102] Plug a: power 0.0
2025-01-31 19:25:50,846 DEBUG [PlugSim.java:102] Plug a: power 0.0
2025-01-31 19:25:50,846 DEBUG [PlugSim.java:102] Plug a: power 0.0
2025-01-31 19:25:50,846 DEBUG [PlugSim.java:102] Plug a: power 0.0
2025-01-31 19:25:50,847 DEBUG [PlugSim.java:102] Plug a: power 18.918828685032317
2025-01-31 19:25:50,849 DEBUG [PlugSim.java:102] Plug test.200: power 200.0
2025-01-31 19:25:50,850 DEBUG [PlugSim.java:102] Plug a: power 68.51815523346085
2025-01-31 19:25:50,851 DEBUG [PlugSim.java:102] Plug a: power 22.350822713864606
2025-01-31 19:25:50,852 DEBUG [PlugSim.java:102] Plug a: power 47.209917275566006
2025-01-31 19:25:50,852 DEBUG [PlugSim.java:102] Plug a: power 90.7593556517422
2025-01-31 19:25:50,852 DEBUG [PlugSim.java:102] Plug a: power 350.0
2025-01-31 19:25:50,852 DEBUG [PlugSim.java:102] Plug a: power 303.09847984019126
2025-01-31 19:25:50,855 DEBUG [PlugSim.java:102] Plug a: power 0.0
2025-01-31 19:25:50,856 DEBUG [PlugSim.java:102] Plug a: power 97.43684715682419
2025-01-31 19:25:50,856 DEBUG [PlugSim.java:102] Plug a: power 151.47093501862068
2025-01-31 19:25:50,856 DEBUG [PlugSim.java:102] Plug a: power 135.19475979411592
2025-01-31 19:25:50,856 DEBUG [PlugSim.java:102] Plug a: power 149.92690280507514
2025-01-31 19:25:50,856 DEBUG [PlugSim.java:102] Plug a: power 142.33439902201138
2025-01-31 19:25:50,857 DEBUG [PlugSim.java:102] Plug a: power 150.47427348995532
2025-01-31 19:25:50,857 DEBUG [PlugSim.java:102] Plug a: power 142.10321932664613
2025-01-31 19:25:50,858 DEBUG [PlugSim.java:102] Plug a: power 155.5340700850556
2025-01-31 19:25:50,858 DEBUG [PlugSim.java:102] Plug a: power 152.54642442989197
2025-01-31 19:25:50,858 DEBUG [PlugSim.java:102] Plug a: power 137.6873411985045
2025-01-31 19:25:50,859 DEBUG [PlugSim.java:102] Plug a: power 30.904169245210877
2025-01-31 19:27:05,766 DEBUG [PlugSim.java:102] Plug a: power 0.0
2025-01-31 19:27:05,773 DEBUG [PlugSim.java:102] Plug a: power 0.0
2025-01-31 19:27:05,774 DEBUG [PlugSim.java:102] Plug a: power 0.0
2025-01-31 19:27:05,774 DEBUG [PlugSim.java:102] Plug a: power 0.0
2025-01-31 19:27:05,774 DEBUG [PlugSim.java:102] Plug a: power 0.0
2025-01-31 19:27:05,775 DEBUG [PlugSim.java:102] Plug a: power 57.917252997642635
2025-01-31 19:27:05,777 DEBUG [PlugSim.java:102] Plug test.200: power 200.0
2025-01-31 19:27:05,778 DEBUG [PlugSim.java:102] Plug a: power 38.261548176125274
2025-01-31 19:27:05,779 DEBUG [PlugSim.java:102] Plug a: power 0.0
2025-01-31 19:27:05,780 DEBUG [PlugSim.java:102] Plug a: power 82.0116616475971
2025-01-31 19:27:05,781 DEBUG [PlugSim.java:102] Plug a: power 160.22426122192041
2025-01-31 19:27:05,781 DEBUG [PlugSim.java:102] Plug a: power 164.887710602992
2025-01-31 19:27:05,781 DEBUG [PlugSim.java:102] Plug a: power 160.71575395015333
2025-01-31 19:27:05,781 DEBUG [PlugSim.java:102] Plug a: power 146.731984550856
2025-01-31 19:27:05,781 DEBUG [PlugSim.java:102] Plug a: power 144.40283961697148
2025-01-31 19:27:05,782 DEBUG [PlugSim.java:102] Plug a: power 157.67781652323308
2025-01-31 19:27:05,782 DEBUG [PlugSim.java:102] Plug a: power 139.7497619448655
2025-01-31 19:27:05,782 DEBUG [PlugSim.java:102] Plug a: power 125.59254447221042
2025-01-31 19:27:05,782 DEBUG [PlugSim.java:102] Plug a: power 106.32925311877959
2025-01-31 19:27:05,783 DEBUG [PlugSim.java:102] Plug a: power 16.065159062275235
2025-01-31 19:27:17,516 INFO [Grading.java:35] testCase00 of GradeP1: success
2025-01-31 19:27:17,522 INFO [Grading.java:35] testCase01 of GradeP1: success
2025-01-31 19:27:17,523 INFO [Grading.java:35] testCase02 of GradeP1: success
2025-01-31 19:27:17,524 INFO [Grading.java:35] testCase03 of GradeP1: success
2025-01-31 19:27:17,526 INFO [Grading.java:35] testCase04 of GradeP1: success
2025-01-31 19:27:17,527 INFO [Grading.java:35] testCase05 of GradeP1: success
2025-01-31 19:27:17,528 INFO [Grading.java:35] testCase06 of GradeP1: success
2025-01-31 19:27:17,528 DEBUG [PlugSim.java:102] Plug b.200: power 200.0
2025-01-31 19:27:17,531 INFO [Grading.java:35] testCase07 of GradeP1: success
2025-01-31 19:27:17,532 DEBUG [PlugSim.java:102] Plug b.200: power 200.0
2025-01-31 19:27:17,532 DEBUG [PlugSim.java:102] Plug b.200: power 0.0
2025-01-31 19:27:17,533 INFO [Grading.java:35] testCase08 of GradeP1: success
2025-01-31 19:27:17,533 DEBUG [PlugSim.java:102] Plug cccccccc.1000: power 1000.0
2025-01-31 19:27:17,534 DEBUG [PlugSim.java:102] Plug cccccccc.1000: power 0.0
2025-01-31 19:27:17,534 INFO [Grading.java:35] testCase09 of GradeP1: success
2025-01-31 19:27:45,918 DEBUG [PlugSim.java:102] Plug a: power 0.0
2025-01-31 19:27:45,924 DEBUG [PlugSim.java:102] Plug a: power 0.0
2025-01-31 19:27:45,925 DEBUG [PlugSim.java:102] Plug a: power 0.0
2025-01-31 19:27:45,925 DEBUG [PlugSim.java:102] Plug a: power 0.0
2025-01-31 19:27:45,925 DEBUG [PlugSim.java:102] Plug a: power 0.0
2025-01-31 19:27:45,926 DEBUG [PlugSim.java:102] Plug a: power 95.55970053367615
2025-01-31 19:27:45,928 DEBUG [PlugSim.java:102] Plug test.200: power 200.0
2025-01-31 19:27:45,929 DEBUG [PlugSim.java:102] Plug a: power 97.60992849450308
2025-01-31 19:27:45,930 DEBUG [PlugSim.java:102] Plug a: power 27.248012350350447
2025-01-31 19:27:45,930 DEBUG [PlugSim.java:102] Plug a: power 85.06406232706797
2025-01-31 19:27:45,931 DEBUG [PlugSim.java:102] Plug a: power 90.83999866101233
2025-01-31 19:27:45,931 DEBUG [PlugSim.java:102] Plug a: power 350.0
2025-01-31 19:27:45,931 DEBUG [PlugSim.java:102] Plug a: power 306.3491891371174
2025-01-31 19:27:45,934 DEBUG [PlugSim.java:102] Plug a: power 0.0
2025-01-31 19:27:45,935 DEBUG [PlugSim.java:102] Plug a: power 25.67871219215492
2025-01-31 19:27:45,935 DEBUG [PlugSim.java:102] Plug a: power 119.69487128260808
2025-01-31 19:27:45,935 DEBUG [PlugSim.java:102] Plug a: power 134.47632605698323
2025-01-31 19:27:45,935 DEBUG [PlugSim.java:102] Plug a: power 119.95693652135358
2025-01-31 19:27:45,936 DEBUG [PlugSim.java:102] Plug a: power 108.74468083401379
2025-01-31 19:27:45,936 DEBUG [PlugSim.java:102] Plug a: power 90.52301005551577
2025-01-31 19:27:45,936 DEBUG [PlugSim.java:102] Plug a: power 132.42081712963494
2025-01-31 19:27:45,937 DEBUG [PlugSim.java:102] Plug a: power 135.6715934559341
2025-01-31 19:27:45,937 DEBUG [PlugSim.java:102] Plug a: power 140.59108039310235
2025-01-31 19:27:45,937 DEBUG [PlugSim.java:102] Plug a: power 151.0413256088651
2025-01-31 19:27:45,938 DEBUG [PlugSim.java:102] Plug a: power 42.8016087340164
2025-01-31 19:28:26,160 DEBUG [PlugSim.java:102] Plug a: power 0.0
2025-01-31 19:28:26,167 DEBUG [PlugSim.java:102] Plug a: power 0.0
2025-01-31 19:28:26,168 DEBUG [PlugSim.java:102] Plug a: power 0.0
2025-01-31 19:28:26,168 DEBUG [PlugSim.java:102] Plug a: power 0.0
2025-01-31 19:28:26,168 DEBUG [PlugSim.java:102] Plug a: power 0.0
2025-01-31 19:28:26,169 DEBUG [PlugSim.java:102] Plug a: power 40.39519660104814
2025-01-31 19:28:26,171 DEBUG [PlugSim.java:102] Plug test.200: power 200.0
2025-01-31 19:28:26,173 DEBUG [PlugSim.java:102] Plug a: power 17.789885463580102
2025-01-31 19:28:26,174 DEBUG [PlugSim.java:102] Plug a: power 94.98743007085943
2025-01-31 19:28:26,174 DEBUG [PlugSim.java:102] Plug a: power 113.45984217037544
2025-01-31 19:28:26,174 DEBUG [PlugSim.java:102] Plug a: power 107.89646107526518
2025-01-31 19:28:26,174 DEBUG [PlugSim.java:102] Plug a: power 350.0
2025-01-31 19:28:26,174 DEBUG [PlugSim.java:102] Plug a: power 315.564296665988
2025-01-31 19:28:26,175 DEBUG [PlugSim.java:102] Plug a: power 0.0
2025-01-31 19:28:26,176 DEBUG [PlugSim.java:102] Plug a: power 67.40953160644477
2025-01-31 19:28:26,176 DEBUG [PlugSim.java:102] Plug a: power 114.88766731788283
2025-01-31 19:28:26,176 DEBUG [PlugSim.java:102] Plug a: power 112.86755338848792
2025-01-31 19:28:26,176 DEBUG [PlugSim.java:102] Plug a: power 102.85270895748486
2025-01-31 19:28:26,177 DEBUG [PlugSim.java:102] Plug a: power 96.53761429883625
2025-01-31 19:28:26,177 DEBUG [PlugSim.java:102] Plug a: power 120.15914380483672
2025-01-31 19:28:26,177 DEBUG [PlugSim.java:102] Plug a: power 107.52452776562123
2025-01-31 19:28:26,177 DEBUG [PlugSim.java:102] Plug a: power 100.98808808651891
2025-01-31 19:28:26,177 DEBUG [PlugSim.java:102] Plug a: power 83.61486767787397
2025-01-31 19:28:26,177 DEBUG [PlugSim.java:102] Plug a: power 97.10465119823019
2025-01-31 19:28:26,178 DEBUG [PlugSim.java:102] Plug a: power 22.129772748351538
2025-01-31 19:28:31,449 INFO [Grading.java:35] testCase00 of GradeP1: success
2025-01-31 19:28:31,455 INFO [Grading.java:35] testCase01 of GradeP1: success
2025-01-31 19:28:31,456 INFO [Grading.java:35] testCase02 of GradeP1: success
2025-01-31 19:28:31,456 INFO [Grading.java:35] testCase03 of GradeP1: success
2025-01-31 19:28:31,457 INFO [Grading.java:35] testCase04 of GradeP1: success
2025-01-31 19:28:31,458 INFO [Grading.java:35] testCase05 of GradeP1: success
2025-01-31 19:28:31,459 INFO [Grading.java:35] testCase06 of GradeP1: success
2025-01-31 19:28:31,460 DEBUG [PlugSim.java:102] Plug b.200: power 200.0
2025-01-31 19:28:31,465 INFO [Grading.java:35] testCase07 of GradeP1: success
2025-01-31 19:28:31,466 DEBUG [PlugSim.java:102] Plug b.200: power 200.0
2025-01-31 19:28:31,466 DEBUG [PlugSim.java:102] Plug b.200: power 0.0
2025-01-31 19:28:31,466 INFO [Grading.java:35] testCase08 of GradeP1: success
2025-01-31 19:28:31,467 DEBUG [PlugSim.java:102] Plug cccccccc.1000: power 1000.0
2025-01-31 19:28:31,467 DEBUG [PlugSim.java:102] Plug cccccccc.1000: power 0.0
2025-01-31 19:28:31,467 INFO [Grading.java:35] testCase09 of GradeP1: success
2025-01-31 19:30:30,323 DEBUG [PlugSim.java:102] Plug a: power 0.0
2025-01-31 19:30:30,331 DEBUG [PlugSim.java:102] Plug a: power 0.0
2025-01-31 19:30:30,331 DEBUG [PlugSim.java:102] Plug a: power 0.0
2025-01-31 19:30:30,331 DEBUG [PlugSim.java:102] Plug a: power 0.0
2025-01-31 19:30:30,332 DEBUG [PlugSim.java:102] Plug a: power 0.0
2025-01-31 19:30:30,333 DEBUG [PlugSim.java:102] Plug a: power 79.4618308477374
2025-01-31 19:30:30,335 DEBUG [PlugSim.java:102] Plug test.200: power 200.0
2025-01-31 19:30:30,336 DEBUG [PlugSim.java:102] Plug a: power 99.58692879766589
2025-01-31 19:30:30,337 DEBUG [PlugSim.java:102] Plug a: power 12.37346499463252
2025-01-31 19:30:30,337 DEBUG [PlugSim.java:102] Plug a: power 72.86228151024571
2025-01-31 19:30:30,337 DEBUG [PlugSim.java:102] Plug a: power 135.10611746857228
2025-01-31 19:30:30,337 DEBUG [PlugSim.java:102] Plug a: power 350.0
2025-01-31 19:30:30,337 DEBUG [PlugSim.java:102] Plug a: power 254.5454358196346
2025-01-31 19:30:30,340 DEBUG [PlugSim.java:102] Plug a: power 0.0
2025-01-31 19:30:30,341 DEBUG [PlugSim.java:102] Plug a: power 10.78136812073115
2025-01-31 19:30:30,341 DEBUG [PlugSim.java:102] Plug a: power 37.02457485348373
2025-01-31 19:30:30,341 DEBUG [PlugSim.java:102] Plug a: power 62.21365528306718
2025-01-31 19:30:30,341 DEBUG [PlugSim.java:102] Plug a: power 146.71411499039743
2025-01-31 19:30:30,342 DEBUG [PlugSim.java:102] Plug a: power 127.44060126027887
2025-01-31 19:30:30,342 DEBUG [PlugSim.java:102] Plug a: power 113.4460824960855
2025-01-31 19:30:30,342 DEBUG [PlugSim.java:102] Plug a: power 120.26606084004337
2025-01-31 19:30:30,342 DEBUG [PlugSim.java:102] Plug a: power 108.53695485877068
2025-01-31 19:30:30,343 DEBUG [PlugSim.java:102] Plug a: power 91.7249659643788
2025-01-31 19:30:30,343 DEBUG [PlugSim.java:102] Plug a: power 164.30083336700994
2025-01-31 19:30:30,343 DEBUG [PlugSim.java:102] Plug a: power 65.23379873031541
2025-01-31 19:31:01,365 DEBUG [PlugSim.java:102] Plug a: power 0.0
2025-01-31 19:31:01,373 DEBUG [PlugSim.java:102] Plug a: power 0.0
2025-01-31 19:31:01,374 DEBUG [PlugSim.java:102] Plug a: power 0.0
2025-01-31 19:31:01,374 DEBUG [PlugSim.java:102] Plug a: power 0.0
2025-01-31 19:31:01,374 DEBUG [PlugSim.java:102] Plug a: power 0.0
2025-01-31 19:31:01,375 DEBUG [PlugSim.java:102] Plug test.200: power 200.0
2025-01-31 19:31:01,377 DEBUG [PlugSim.java:102] Plug a: power 18.66934105853416
2025-01-31 19:31:01,378 DEBUG [PlugSim.java:102] Plug a: power 76.55476527705574
2025-01-31 19:31:01,378 DEBUG [PlugSim.java:102] Plug a: power 118.80164150293956
2025-01-31 19:31:01,379 DEBUG [PlugSim.java:102] Plug a: power 118.25666233845953
2025-01-31 19:31:01,379 DEBUG [PlugSim.java:102] Plug a: power 350.0
2025-01-31 19:31:01,379 DEBUG [PlugSim.java:102] Plug a: power 282.5522268484681
2025-01-31 19:31:01,382 DEBUG [PlugSim.java:102] Plug a: power 0.0
2025-01-31 19:31:01,382 DEBUG [PlugSim.java:102] Plug a: power 37.142638745464886
2025-01-31 19:31:01,383 DEBUG [PlugSim.java:102] Plug a: power 78.57884707203306
2025-01-31 19:31:01,383 DEBUG [PlugSim.java:102] Plug a: power 172.98097289085302
2025-01-31 19:31:01,383 DEBUG [PlugSim.java:102] Plug a: power 153.06796811043566
2025-01-31 19:31:01,383 DEBUG [PlugSim.java:102] Plug a: power 158.36718754387368
2025-01-31 19:31:01,384 DEBUG [PlugSim.java:102] Plug a: power 164.26160530277343
2025-01-31 19:31:01,384 DEBUG [PlugSim.java:102] Plug a: power 161.7099003995874
2025-01-31 19:31:01,384 DEBUG [PlugSim.java:102] Plug a: power 150.6267956117424
2025-01-31 19:31:01,385 DEBUG [PlugSim.java:102] Plug a: power 142.8750349988422
2025-01-31 19:31:01,385 DEBUG [PlugSim.java:102] Plug a: power 153.4839817179695
2025-01-31 19:31:01,385 DEBUG [PlugSim.java:102] Plug a: power 20.44373654050534
2025-01-31 19:31:19,452 DEBUG [PlugSim.java:102] Plug a: power 0.0
2025-01-31 19:31:19,461 DEBUG [PlugSim.java:102] Plug a: power 0.0
2025-01-31 19:31:19,461 DEBUG [PlugSim.java:102] Plug a: power 0.0
2025-01-31 19:31:19,462 DEBUG [PlugSim.java:102] Plug a: power 0.0
2025-01-31 19:31:19,462 DEBUG [PlugSim.java:102] Plug a: power 0.0
2025-01-31 19:31:19,463 DEBUG [PlugSim.java:102] Plug test.200: power 200.0
2025-01-31 19:31:19,465 DEBUG [PlugSim.java:102] Plug a: power 30.544672987357092
2025-01-31 19:31:19,466 DEBUG [PlugSim.java:102] Plug a: power 22.80111004200708
2025-01-31 19:31:19,467 DEBUG [PlugSim.java:102] Plug a: power 61.52630201371902
2025-01-31 19:31:19,467 DEBUG [PlugSim.java:102] Plug a: power 139.84842742203443
2025-01-31 19:31:19,467 DEBUG [PlugSim.java:102] Plug a: power 350.0
2025-01-31 19:31:19,467 DEBUG [PlugSim.java:102] Plug a: power 293.2719679053016
2025-01-31 19:31:19,470 DEBUG [PlugSim.java:102] Plug a: power 0.0
2025-01-31 19:31:19,471 DEBUG [PlugSim.java:102] Plug a: power 18.148241492608353
2025-01-31 19:31:19,471 DEBUG [PlugSim.java:102] Plug a: power 20.724653975156492
2025-01-31 19:31:19,471 DEBUG [PlugSim.java:102] Plug a: power 96.87563279934113
2025-01-31 19:31:19,471 DEBUG [PlugSim.java:102] Plug a: power 108.85146529318581
2025-01-31 19:31:19,471 DEBUG [PlugSim.java:102] Plug a: power 95.36071438921367
2025-01-31 19:31:19,471 DEBUG [PlugSim.java:102] Plug a: power 141.16225088459993
2025-01-31 19:31:19,472 DEBUG [PlugSim.java:102] Plug a: power 140.75015788773158
2025-01-31 19:31:19,472 DEBUG [PlugSim.java:102] Plug a: power 139.73609422865601
2025-01-31 19:31:19,473 DEBUG [PlugSim.java:102] Plug a: power 128.39261163031412
2025-01-31 19:31:19,473 DEBUG [PlugSim.java:102] Plug a: power 112.66023564027057
2025-01-31 19:31:19,473 DEBUG [PlugSim.java:102] Plug a: power 94.21926012044013
2025-01-31 19:31:29,868 DEBUG [PlugSim.java:102] Plug a: power 0.0
2025-01-31 19:31:29,874 DEBUG [PlugSim.java:102] Plug a: power 0.0
2025-01-31 19:31:29,874 DEBUG [PlugSim.java:102] Plug a: power 0.0
2025-01-31 19:31:29,874 DEBUG [PlugSim.java:102] Plug a: power 0.0
2025-01-31 19:31:29,874 DEBUG [PlugSim.java:102] Plug a: power 0.0
2025-01-31 19:31:29,875 DEBUG [PlugSim.java:102] Plug test.200: power 200.0
2025-01-31 19:31:29,877 DEBUG [PlugSim.java:102] Plug a: power 84.38815602659231
2025-01-31 19:31:29,877 DEBUG [PlugSim.java:102] Plug a: power 21.887388042251978
2025-01-31 19:31:29,878 DEBUG [PlugSim.java:102] Plug a: power 68.99440267527376
2025-01-31 19:31:29,878 DEBUG [PlugSim.java:102] Plug a: power 95.33089608177508
2025-01-31 19:31:29,878 DEBUG [PlugSim.java:102] Plug a: power 350.0
2025-01-31 19:31:29,878 DEBUG [PlugSim.java:102] Plug a: power 335.0973238611867
2025-01-31 19:31:29,880 DEBUG [PlugSim.java:102] Plug a: power 0.0
2025-01-31 19:31:29,880 DEBUG [PlugSim.java:102] Plug a: power 84.2454081900963
2025-01-31 19:31:29,880 DEBUG [PlugSim.java:102] Plug a: power 122.75986711254467
2025-01-31 19:31:29,880 DEBUG [PlugSim.java:102] Plug a: power 120.9748793541485
2025-01-31 19:31:29,881 DEBUG [PlugSim.java:102] Plug a: power 117.25108973926228
2025-01-31 19:31:29,881 DEBUG [PlugSim.java:102] Plug a: power 120.28587104720708
2025-01-31 19:31:29,881 DEBUG [PlugSim.java:102] Plug a: power 121.03999832942378
2025-01-31 19:31:29,881 DEBUG [PlugSim.java:102] Plug a: power 127.7016087687959
2025-01-31 19:31:29,881 DEBUG [PlugSim.java:102] Plug a: power 128.59208587894784
2025-01-31 19:31:29,881 DEBUG [PlugSim.java:102] Plug a: power 133.04415496559892
2025-01-31 19:31:29,881 DEBUG [PlugSim.java:102] Plug a: power 130.87253861146607
2025-01-31 19:31:29,882 DEBUG [PlugSim.java:102] Plug a: power 56.38718848175138
2025-01-31 19:36:28,430 DEBUG [PlugSim.java:102] Plug a: power 0.0
2025-01-31 19:36:28,436 DEBUG [PlugSim.java:102] Plug a: power 0.0
2025-01-31 19:36:28,437 DEBUG [PlugSim.java:102] Plug a: power 0.0
2025-01-31 19:36:28,437 DEBUG [PlugSim.java:102] Plug a: power 0.0
2025-01-31 19:36:28,437 DEBUG [PlugSim.java:102] Plug a: power 0.0
2025-01-31 19:36:28,438 DEBUG [PlugSim.java:102] Plug test.200: power 200.0
2025-01-31 19:36:28,441 DEBUG [PlugSim.java:102] Plug a: power 68.40989258073179
2025-01-31 19:36:28,442 DEBUG [PlugSim.java:102] Plug plug: power 350.0
2025-01-31 19:36:28,442 DEBUG [PlugSim.java:102] Plug plug: power 267.3696386955404
2025-01-31 19:36:28,443 DEBUG [PlugSim.java:102] Plug a: power 0.0
2025-01-31 19:36:28,443 DEBUG [PlugSim.java:102] Plug a: power 42.98812927574869
2025-01-31 19:36:28,444 DEBUG [PlugSim.java:102] Plug a: power 107.87626666139504
2025-01-31 19:36:28,444 DEBUG [PlugSim.java:102] Plug a: power 110.75891930733908
2025-01-31 19:36:28,444 DEBUG [PlugSim.java:102] Plug a: power 119.54776010029852
2025-01-31 19:36:28,444 DEBUG [PlugSim.java:102] Plug a: power 107.06940979157572
2025-01-31 19:36:28,444 DEBUG [PlugSim.java:102] Plug a: power 97.66841948482002
2025-01-31 19:36:28,445 DEBUG [PlugSim.java:102] Plug a: power 189.64479785208795
2025-01-31 19:36:28,445 DEBUG [PlugSim.java:102] Plug a: power 200.44890762844304
2025-01-31 19:36:28,445 DEBUG [PlugSim.java:102] Plug a: power 188.46592000960734
2025-01-31 19:36:28,445 DEBUG [PlugSim.java:102] Plug a: power 170.81984865006234
2025-01-31 19:36:28,445 DEBUG [PlugSim.java:102] Plug a: power 99.16918888654949
2025-01-31 19:36:35,633 INFO [Grading.java:35] testCase00 of GradeP1: success
2025-01-31 19:36:35,642 INFO [Grading.java:35] testCase01 of GradeP1: success
2025-01-31 19:36:35,643 INFO [Grading.java:35] testCase02 of GradeP1: success
2025-01-31 19:36:35,644 INFO [Grading.java:35] testCase03 of GradeP1: success
2025-01-31 19:36:35,644 INFO [Grading.java:35] testCase04 of GradeP1: success
2025-01-31 19:36:35,645 INFO [Grading.java:35] testCase05 of GradeP1: success
2025-01-31 19:36:35,646 INFO [Grading.java:35] testCase06 of GradeP1: success
2025-01-31 19:36:35,647 DEBUG [PlugSim.java:102] Plug b.200: power 200.0
2025-01-31 19:36:35,650 INFO [Grading.java:35] testCase07 of GradeP1: success
2025-01-31 19:36:35,651 DEBUG [PlugSim.java:102] Plug b.200: power 200.0
2025-01-31 19:36:35,651 DEBUG [PlugSim.java:102] Plug b.200: power 0.0
2025-01-31 19:36:35,653 INFO [Grading.java:35] testCase08 of GradeP1: success
2025-01-31 19:36:35,654 DEBUG [PlugSim.java:102] Plug cccccccc.1000: power 1000.0
2025-01-31 19:36:35,655 DEBUG [PlugSim.java:102] Plug cccccccc.1000: power 0.0
2025-01-31 19:36:35,656 INFO [Grading.java:35] testCase09 of GradeP1: success
2025-01-31 19:39:11,118 DEBUG [PlugSim.java:102] Plug a: power 0.0
2025-01-31 19:39:11,128 DEBUG [PlugSim.java:102] Plug a: power 0.0
2025-01-31 19:39:11,128 DEBUG [PlugSim.java:102] Plug a: power 0.0
2025-01-31 19:39:11,129 DEBUG [PlugSim.java:102] Plug a: power 0.0
2025-01-31 19:39:11,129 DEBUG [PlugSim.java:102] Plug a: power 0.0
2025-01-31 19:39:11,130 WARN [PlugSim.java:82] Invalid power value in plug name: plug.invalid
2025-01-31 19:39:11,138 DEBUG [PlugSim.java:102] Plug test.200: power 200.0
2025-01-31 19:39:11,140 DEBUG [PlugSim.java:102] Plug a: power 86.85948307436013
2025-01-31 19:39:11,141 DEBUG [PlugSim.java:102] Plug plug: power 350.0
2025-01-31 19:39:11,141 DEBUG [PlugSim.java:102] Plug plug: power 338.44463995853016
2025-01-31 19:39:11,142 DEBUG [PlugSim.java:102] Plug plug: power 319.1356056081627
2025-01-31 19:39:11,142 DEBUG [PlugSim.java:102] Plug plug: power 264.2708844253386
2025-01-31 19:39:11,142 DEBUG [PlugSim.java:102] Plug a: power 0.0
2025-01-31 19:39:11,143 DEBUG [PlugSim.java:102] Plug a: power 21.585069591730587
2025-01-31 19:39:11,143 DEBUG [PlugSim.java:102] Plug a: power 104.53649234481502
2025-01-31 19:39:11,143 DEBUG [PlugSim.java:102] Plug a: power 121.88771512838167
2025-01-31 19:39:11,143 DEBUG [PlugSim.java:102] Plug a: power 138.58963544831292
2025-01-31 19:39:11,144 DEBUG [PlugSim.java:102] Plug a: power 135.65374704450224
2025-01-31 19:39:11,144 DEBUG [PlugSim.java:102] Plug a: power 127.13244878810738
2025-01-31 19:39:11,144 DEBUG [PlugSim.java:102] Plug a: power 145.183481462623
2025-01-31 19:39:11,144 DEBUG [PlugSim.java:102] Plug a: power 143.33855370092516
2025-01-31 19:39:11,144 DEBUG [PlugSim.java:102] Plug a: power 143.58644687047524
2025-01-31 19:39:11,144 DEBUG [PlugSim.java:102] Plug a: power 141.65735014598275
2025-01-31 19:39:11,145 DEBUG [PlugSim.java:102] Plug a: power 72.97121349234499
2025-01-31 19:39:16,153 INFO [Grading.java:35] testCase00 of GradeP1: success
2025-01-31 19:39:16,158 INFO [Grading.java:35] testCase01 of GradeP1: success
2025-01-31 19:39:16,159 INFO [Grading.java:35] testCase02 of GradeP1: success
2025-01-31 19:39:16,159 INFO [Grading.java:35] testCase03 of GradeP1: success
2025-01-31 19:39:16,160 INFO [Grading.java:35] testCase04 of GradeP1: success
2025-01-31 19:39:16,161 INFO [Grading.java:35] testCase05 of GradeP1: success
2025-01-31 19:39:16,161 INFO [Grading.java:35] testCase06 of GradeP1: success
2025-01-31 19:39:16,162 DEBUG [PlugSim.java:102] Plug b.200: power 200.0
2025-01-31 19:39:16,165 INFO [Grading.java:35] testCase07 of GradeP1: success
2025-01-31 19:39:16,166 DEBUG [PlugSim.java:102] Plug b.200: power 200.0
2025-01-31 19:39:16,166 DEBUG [PlugSim.java:102] Plug b.200: power 0.0
2025-01-31 19:39:16,166 INFO [Grading.java:35] testCase08 of GradeP1: success
2025-01-31 19:39:16,167 DEBUG [PlugSim.java:102] Plug cccccccc.1000: power 1000.0
2025-01-31 19:39:16,167 DEBUG [PlugSim.java:102] Plug cccccccc.1000: power 0.0
2025-01-31 19:39:16,168 INFO [Grading.java:35] testCase09 of GradeP1: success
2025-01-31 19:40:04,158 DEBUG [PlugSim.java:102] Plug a: power 0.0
2025-01-31 19:40:04,167 DEBUG [PlugSim.java:102] Plug a: power 0.0
2025-01-31 19:40:04,167 DEBUG [PlugSim.java:102] Plug a: power 0.0
2025-01-31 19:40:04,168 DEBUG [PlugSim.java:102] Plug a: power 0.0
2025-01-31 19:40:04,168 DEBUG [PlugSim.java:102] Plug a: power 0.0
2025-01-31 19:40:04,169 WARN [PlugSim.java:82] Invalid power value in plug name: plug.invalid
2025-01-31 19:40:04,175 DEBUG [PlugSim.java:102] Plug test.200: power 200.0
2025-01-31 19:40:04,178 DEBUG [PlugSim.java:102] Plug a: power 40.997781168926565
2025-01-31 19:40:04,179 DEBUG [PlugSim.java:102] Plug plug: power 350.0
2025-01-31 19:40:04,180 DEBUG [PlugSim.java:102] Plug plug: power 330.2562566880664
2025-01-31 19:40:04,180 DEBUG [PlugSim.java:102] Plug plug: power 326.47907403880487
2025-01-31 19:40:04,180 DEBUG [PlugSim.java:102] Plug plug: power 294.6061154734798
2025-01-31 19:40:04,181 DEBUG [PlugSim.java:102] Plug a: power 0.0
2025-01-31 19:40:04,181 DEBUG [PlugSim.java:102] Plug a: power 75.67035217843681
2025-01-31 19:40:04,182 DEBUG [PlugSim.java:102] Plug a: power 81.41065323773833
2025-01-31 19:40:04,182 DEBUG [PlugSim.java:102] Plug a: power 165.18137691544126
2025-01-31 19:40:04,182 DEBUG [PlugSim.java:102] Plug a: power 149.16881409184083
2025-01-31 19:40:04,182 DEBUG [PlugSim.java:102] Plug a: power 130.96905803396837
2025-01-31 19:40:04,182 DEBUG [PlugSim.java:102] Plug a: power 120.3653778247392
2025-01-31 19:40:04,183 DEBUG [PlugSim.java:102] Plug a: power 106.50462510826269
2025-01-31 19:40:04,183 DEBUG [PlugSim.java:102] Plug a: power 121.27173762069006
2025-01-31 19:40:04,183 DEBUG [PlugSim.java:102] Plug a: power 140.60594669164848
2025-01-31 19:40:04,183 DEBUG [PlugSim.java:102] Plug a: power 131.638621787013
2025-01-31 19:40:07,577 INFO [Grading.java:35] testCase00 of GradeP1: success
2025-01-31 19:40:07,585 INFO [Grading.java:35] testCase01 of GradeP1: success
2025-01-31 19:40:07,586 INFO [Grading.java:35] testCase02 of GradeP1: success
2025-01-31 19:40:07,588 INFO [Grading.java:35] testCase03 of GradeP1: success
2025-01-31 19:40:07,589 INFO [Grading.java:35] testCase04 of GradeP1: success
2025-01-31 19:40:07,590 INFO [Grading.java:35] testCase05 of GradeP1: success
2025-01-31 19:40:07,591 INFO [Grading.java:35] testCase06 of GradeP1: success
2025-01-31 19:40:07,592 DEBUG [PlugSim.java:102] Plug b.200: power 200.0
2025-01-31 19:40:07,595 INFO [Grading.java:35] testCase07 of GradeP1: success
2025-01-31 19:40:07,596 DEBUG [PlugSim.java:102] Plug b.200: power 200.0
2025-01-31 19:40:07,596 DEBUG [PlugSim.java:102] Plug b.200: power 0.0
2025-01-31 19:40:07,597 INFO [Grading.java:35] testCase08 of GradeP1: success
2025-01-31 19:40:07,597 DEBUG [PlugSim.java:102] Plug cccccccc.1000: power 1000.0
2025-01-31 19:40:07,597 DEBUG [PlugSim.java:102] Plug cccccccc.1000: power 0.0
2025-01-31 19:40:07,598 INFO [Grading.java:35] testCase09 of GradeP1: success
2025-01-31 19:40:48,427 DEBUG [PlugSim.java:102] Plug a: power 0.0
2025-01-31 19:40:48,437 DEBUG [PlugSim.java:102] Plug a: power 0.0
2025-01-31 19:40:48,438 DEBUG [PlugSim.java:102] Plug a: power 0.0
2025-01-31 19:40:48,438 DEBUG [PlugSim.java:102] Plug a: power 0.0
2025-01-31 19:40:48,438 DEBUG [PlugSim.java:102] Plug a: power 0.0
2025-01-31 19:40:48,439 WARN [PlugSim.java:82] Invalid power value in plug name: plug.invalid
2025-01-31 19:40:48,449 DEBUG [PlugSim.java:102] Plug a: power 40.802146286173965
2025-01-31 19:40:48,454 DEBUG [PlugSim.java:102] Plug plug: power 350.0
2025-01-31 19:40:48,454 DEBUG [PlugSim.java:102] Plug plug: power 262.3060101880981
2025-01-31 19:40:48,455 DEBUG [PlugSim.java:102] Plug a: power 0.0
2025-01-31 19:40:48,456 DEBUG [PlugSim.java:102] Plug a: power 21.67191490102205
2025-01-31 19:40:48,457 DEBUG [PlugSim.java:102] Plug a: power 91.44623717287455
2025-01-31 19:40:48,457 DEBUG [PlugSim.java:102] Plug a: power 188.5378686272881
2025-01-31 19:40:48,457 DEBUG [PlugSim.java:102] Plug a: power 207.53722969218003
2025-01-31 19:40:48,457 DEBUG [PlugSim.java:102] Plug a: power 206.5581069427053
2025-01-31 19:40:48,457 DEBUG [PlugSim.java:102] Plug a: power 199.68836706422636
2025-01-31 19:40:48,458 DEBUG [PlugSim.java:102] Plug a: power 205.71290694507584
2025-01-31 19:40:48,458 DEBUG [PlugSim.java:102] Plug a: power 192.91912880088813
2025-01-31 19:40:48,458 DEBUG [PlugSim.java:102] Plug a: power 187.83025382696746
2025-01-31 19:40:48,458 DEBUG [PlugSim.java:102] Plug a: power 168.70628006881515
2025-01-31 19:40:51,677 INFO [Grading.java:35] testCase00 of GradeP1: success
2025-01-31 19:40:51,687 INFO [Grading.java:35] testCase01 of GradeP1: success
2025-01-31 19:40:51,688 INFO [Grading.java:35] testCase02 of GradeP1: success
2025-01-31 19:40:51,689 INFO [Grading.java:35] testCase03 of GradeP1: success
2025-01-31 19:40:51,692 INFO [Grading.java:35] testCase04 of GradeP1: success
2025-01-31 19:40:51,693 INFO [Grading.java:35] testCase05 of GradeP1: success
2025-01-31 19:40:51,694 INFO [Grading.java:35] testCase06 of GradeP1: success
2025-01-31 19:40:51,695 DEBUG [PlugSim.java:102] Plug b.200: power 200.0
2025-01-31 19:40:51,699 INFO [Grading.java:35] testCase07 of GradeP1: success
2025-01-31 19:40:51,704 DEBUG [PlugSim.java:102] Plug b.200: power 200.0
2025-01-31 19:40:51,705 DEBUG [PlugSim.java:102] Plug b.200: power 0.0
2025-01-31 19:40:51,711 INFO [Grading.java:35] testCase08 of GradeP1: success
2025-01-31 19:40:51,712 DEBUG [PlugSim.java:102] Plug cccccccc.1000: power 1000.0
2025-01-31 19:40:51,713 DEBUG [PlugSim.java:102] Plug cccccccc.1000: power 0.0
2025-01-31 19:40:51,714 INFO [Grading.java:35] testCase09 of GradeP1: success
2025-01-31 19:41:27,526 DEBUG [PlugSim.java:102] Plug a: power 0.0
2025-01-31 19:41:27,533 DEBUG [PlugSim.java:102] Plug a: power 0.0
2025-01-31 19:41:27,534 DEBUG [PlugSim.java:102] Plug a: power 0.0
2025-01-31 19:41:27,534 DEBUG [PlugSim.java:102] Plug a: power 0.0
2025-01-31 19:41:27,534 DEBUG [PlugSim.java:102] Plug a: power 0.0
2025-01-31 19:41:27,535 WARN [PlugSim.java:82] Invalid power value in plug name: plug.invalid
2025-01-31 19:41:27,542 DEBUG [PlugSim.java:102] Plug test.200: power 200.0
2025-01-31 19:41:27,545 DEBUG [PlugSim.java:102] Plug a: power 46.93687031902666
2025-01-31 19:41:27,546 DEBUG [PlugSim.java:102] Plug plug: power 350.0
2025-01-31 19:41:27,546 DEBUG [PlugSim.java:102] Plug plug: power 285.51239417325854
2025-01-31 19:41:27,547 DEBUG [PlugSim.java:102] Plug a: power 0.0
2025-01-31 19:41:30,758 INFO [Grading.java:35] testCase00 of GradeP1: success
2025-01-31 19:41:30,763 INFO [Grading.java:35] testCase01 of GradeP1: success
2025-01-31 19:41:30,764 INFO [Grading.java:35] testCase02 of GradeP1: success
2025-01-31 19:41:30,765 INFO [Grading.java:35] testCase03 of GradeP1: success
2025-01-31 19:41:30,766 INFO [Grading.java:35] testCase04 of GradeP1: success
2025-01-31 19:41:30,766 INFO [Grading.java:35] testCase05 of GradeP1: success
2025-01-31 19:41:30,767 INFO [Grading.java:35] testCase06 of GradeP1: success
2025-01-31 19:41:30,768 DEBUG [PlugSim.java:102] Plug b.200: power 200.0
2025-01-31 19:41:30,771 INFO [Grading.java:35] testCase07 of GradeP1: success
2025-01-31 19:41:30,771 DEBUG [PlugSim.java:102] Plug b.200: power 200.0
2025-01-31 19:41:30,771 DEBUG [PlugSim.java:102] Plug b.200: power 0.0
2025-01-31 19:41:30,773 INFO [Grading.java:35] testCase08 of GradeP1: success
2025-01-31 19:41:30,775 DEBUG [PlugSim.java:102] Plug cccccccc.1000: power 1000.0
2025-01-31 19:41:30,775 DEBUG [PlugSim.java:102] Plug cccccccc.1000: power 0.0
2025-01-31 19:41:30,776 INFO [Grading.java:35] testCase09 of GradeP1: success
2025-01-31 19:42:17,591 DEBUG [PlugSim.java:102] Plug a: power 0.0
2025-01-31 19:42:17,598 DEBUG [PlugSim.java:102] Plug a: power 0.0
2025-01-31 19:42:17,598 DEBUG [PlugSim.java:102] Plug a: power 0.0
2025-01-31 19:42:17,599 DEBUG [PlugSim.java:102] Plug a: power 0.0
2025-01-31 19:42:17,599 DEBUG [PlugSim.java:102] Plug a: power 0.0
2025-01-31 19:42:17,600 WARN [PlugSim.java:82] Invalid power value in plug name: plug.invalid
2025-01-31 19:42:17,605 DEBUG [PlugSim.java:102] Plug test.200: power 200.0
2025-01-31 19:42:17,608 DEBUG [PlugSim.java:102] Plug plug: power 350.0
2025-01-31 19:42:17,609 DEBUG [PlugSim.java:102] Plug plug: power 296.14632763767054
2025-01-31 19:42:17,610 DEBUG [PlugSim.java:102] Plug a: power 0.0
2025-01-31 19:42:17,611 DEBUG [PlugSim.java:102] Plug a: power 84.71227569368594
2025-01-31 19:42:17,611 DEBUG [PlugSim.java:102] Plug a: power 121.1929198650998
2025-01-31 19:42:17,611 DEBUG [PlugSim.java:102] Plug a: power 102.88633499592204
2025-01-31 19:42:17,611 DEBUG [PlugSim.java:102] Plug a: power 102.70779966013072
2025-01-31 19:42:17,611 DEBUG [PlugSim.java:102] Plug a: power 100.51218592386084
2025-01-31 19:42:17,612 DEBUG [PlugSim.java:102] Plug a: power 84.82749755161925
2025-01-31 19:42:17,612 DEBUG [PlugSim.java:102] Plug a: power 107.17920180544061
2025-01-31 19:42:17,612 DEBUG [PlugSim.java:102] Plug a: power 119.66604667272256
2025-01-31 19:42:17,612 DEBUG [PlugSim.java:102] Plug a: power 112.77422604371228
2025-01-31 19:42:17,612 DEBUG [PlugSim.java:102] Plug a: power 93.52673560585771
2025-01-31 19:42:21,337 INFO [Grading.java:35] testCase00 of GradeP1: success
2025-01-31 19:42:21,344 INFO [Grading.java:35] testCase01 of GradeP1: success
2025-01-31 19:42:21,345 INFO [Grading.java:35] testCase02 of GradeP1: success
2025-01-31 19:42:21,347 INFO [Grading.java:35] testCase03 of GradeP1: success
2025-01-31 19:42:21,347 INFO [Grading.java:35] testCase04 of GradeP1: success
2025-01-31 19:42:21,348 INFO [Grading.java:35] testCase05 of GradeP1: success
2025-01-31 19:42:21,349 INFO [Grading.java:35] testCase06 of GradeP1: success
2025-01-31 19:42:21,350 DEBUG [PlugSim.java:102] Plug b.200: power 200.0
2025-01-31 19:42:21,353 INFO [Grading.java:35] testCase07 of GradeP1: success
2025-01-31 19:42:21,356 DEBUG [PlugSim.java:102] Plug b.200: power 200.0
2025-01-31 19:42:21,357 DEBUG [PlugSim.java:102] Plug b.200: power 0.0
2025-01-31 19:42:21,358 INFO [Grading.java:35] testCase08 of GradeP1: success
2025-01-31 19:42:21,359 DEBUG [PlugSim.java:102] Plug cccccccc.1000: power 1000.0
2025-01-31 19:42:21,359 DEBUG [PlugSim.java:102] Plug cccccccc.1000: power 0.0
2025-01-31 19:42:21,360 INFO [Grading.java:35] testCase09 of GradeP1: success
2025-01-31 19:47:17,157 DEBUG [PlugSim.java:88] Plug a: power 0.0
2025-01-31 19:47:17,170 DEBUG [PlugSim.java:88] Plug a: power 0.0
2025-01-31 19:47:17,170 DEBUG [PlugSim.java:88] Plug a: power 0.0
2025-01-31 19:47:17,171 DEBUG [PlugSim.java:88] Plug a: power 0.0
2025-01-31 19:47:17,171 DEBUG [PlugSim.java:88] Plug a: power 0.0
2025-01-31 19:47:17,172 WARN [PlugSim.java:68] Invalid power value in plug name: plug.invalid
2025-01-31 19:47:17,179 DEBUG [PlugSim.java:88] Plug test.200: power 200.0
2025-01-31 19:47:17,182 DEBUG [PlugSim.java:88] Plug plug: power 350.0
2025-01-31 19:47:17,183 DEBUG [PlugSim.java:88] Plug plug: power 286.2191682197161
2025-01-31 19:47:17,183 DEBUG [PlugSim.java:88] Plug a: power 0.0
2025-01-31 19:47:17,184 DEBUG [PlugSim.java:88] Plug a: power 25.75385599089498
2025-01-31 19:47:17,184 DEBUG [PlugSim.java:88] Plug a: power 98.43750268221352
2025-01-31 19:47:17,184 DEBUG [PlugSim.java:88] Plug a: power 120.30260214815092
2025-01-31 19:47:17,184 DEBUG [PlugSim.java:88] Plug a: power 111.26453523234926
2025-01-31 19:47:17,184 DEBUG [PlugSim.java:88] Plug a: power 108.74979100562965
2025-01-31 19:47:17,184 DEBUG [PlugSim.java:88] Plug a: power 125.6750827509521
2025-01-31 19:47:17,185 DEBUG [PlugSim.java:88] Plug a: power 119.74767196947914
2025-01-31 19:47:17,185 DEBUG [PlugSim.java:88] Plug a: power 121.65552437266936
2025-01-31 19:47:17,185 DEBUG [PlugSim.java:88] Plug a: power 131.8162946272115
2025-01-31 19:47:17,185 DEBUG [PlugSim.java:88] Plug a: power 146.56623547292838
2025-01-31 19:47:24,286 INFO [Grading.java:35] testCase00 of GradeP1: success
2025-01-31 19:47:24,293 INFO [Grading.java:35] testCase01 of GradeP1: success
2025-01-31 19:47:24,294 INFO [Grading.java:35] testCase02 of GradeP1: success
2025-01-31 19:47:24,294 INFO [Grading.java:35] testCase03 of GradeP1: success
2025-01-31 19:47:24,295 INFO [Grading.java:35] testCase04 of GradeP1: success
2025-01-31 19:47:24,296 INFO [Grading.java:35] testCase05 of GradeP1: success
2025-01-31 19:47:24,296 INFO [Grading.java:35] testCase06 of GradeP1: success
2025-01-31 19:47:24,297 DEBUG [PlugSim.java:88] Plug b.200: power 200.0
2025-01-31 19:47:24,302 INFO [Grading.java:35] testCase07 of GradeP1: success
2025-01-31 19:47:24,302 DEBUG [PlugSim.java:88] Plug b.200: power 200.0
2025-01-31 19:47:24,303 DEBUG [PlugSim.java:88] Plug b.200: power 0.0
2025-01-31 19:47:24,304 INFO [Grading.java:35] testCase08 of GradeP1: success
2025-01-31 19:47:24,304 DEBUG [PlugSim.java:88] Plug cccccccc.1000: power 1000.0
2025-01-31 19:47:24,305 DEBUG [PlugSim.java:88] Plug cccccccc.1000: power 0.0
2025-01-31 19:47:24,305 INFO [Grading.java:35] testCase09 of GradeP1: success
